[4/29/2025, 9:14:32 PM] [INFO] [Seed] Szerepkörök sikeresen létrehozva! 
[4/29/2025, 9:14:32 PM] [INFO] [Seed] Sikeres tanév létrehozása! 
[4/29/2025, 9:14:32 PM] [INFO] [userSeeder] Super admin felhasználó létrehozva: (email: superadmin@test.local, jelszó: 12345678) 
[4/29/2025, 9:14:32 PM] [INFO] [userSeeder] Admin szerepkör hozzáadva az org admin felhasználóhoz! 
[30/04/2025, 11:28:23] [ERROR] [signInAction] Read more at https://errors.authjs.dev#callbackrouteerror 
[30/04/2025, 11:28:24] [ERROR] [signInAction] Read more at https://errors.authjs.dev#callbackrouteerror 
[4/30/2025, 11:57:51 AM] [ERROR] PrismaClientKnownRequestError: 
Invalid `prisma.role.createMany()` invocation:


Unique constraint failed on the fields: (`name`) 
[4/30/2025, 11:57:51 AM] [INFO] [Seed] Sikeres tanév létrehozása! 
[4/30/2025, 11:57:56 AM] [ERROR] PrismaClientKnownRequestError: 
Invalid `prisma.role.createMany()` invocation:


Unique constraint failed on the fields: (`name`) 
[4/30/2025, 11:57:57 AM] [INFO] [Seed] Sikeres tanév létrehozása! 
[4/30/2025, 11:58:02 AM] [ERROR] PrismaClientKnownRequestError: 
Invalid `prisma.role.createMany()` invocation:


Unique constraint failed on the fields: (`name`) 
[4/30/2025, 11:58:02 AM] [INFO] [Seed] Sikeres tanév létrehozása! 
[4/30/2025, 11:58:08 AM] [ERROR] PrismaClientKnownRequestError: 
Invalid `prisma.role.createMany()` invocation:


Unique constraint failed on the fields: (`name`) 
[4/30/2025, 11:58:08 AM] [INFO] [Seed] Sikeres tanév létrehozása! 
[4/30/2025, 11:58:14 AM] [ERROR] PrismaClientKnownRequestError: 
Invalid `prisma.role.createMany()` invocation:


Unique constraint failed on the fields: (`name`) 
[4/30/2025, 11:58:14 AM] [INFO] [Seed] Sikeres tanév létrehozása! 
[4/30/2025, 11:58:21 AM] [ERROR] PrismaClientKnownRequestError: 
Invalid `prisma.role.createMany()` invocation:


Unique constraint failed on the fields: (`name`) 
[4/30/2025, 11:58:21 AM] [INFO] [Seed] Sikeres tanév létrehozása! 
[4/30/2025, 11:58:29 AM] [ERROR] PrismaClientKnownRequestError: 
Invalid `prisma.role.createMany()` invocation:


Unique constraint failed on the fields: (`name`) 
[4/30/2025, 11:58:30 AM] [INFO] [Seed] Sikeres tanév létrehozása! 
[4/30/2025, 11:58:53 AM] [ERROR] PrismaClientKnownRequestError: 
Invalid `prisma.role.createMany()` invocation:


Unique constraint failed on the fields: (`name`) 
[4/30/2025, 11:58:53 AM] [INFO] [Seed] Sikeres tanév létrehozása! 
[4/30/2025, 11:58:58 AM] [ERROR] PrismaClientKnownRequestError: 
Invalid `prisma.role.createMany()` invocation:


Unique constraint failed on the fields: (`name`) 
[4/30/2025, 11:58:58 AM] [INFO] [Seed] Sikeres tanév létrehozása! 
[4/30/2025, 11:59:04 AM] [ERROR] PrismaClientKnownRequestError: 
Invalid `prisma.role.createMany()` invocation:


Unique constraint failed on the fields: (`name`) 
[4/30/2025, 11:59:04 AM] [INFO] [Seed] Sikeres tanév létrehozása! 
[4/30/2025, 11:59:10 AM] [ERROR] PrismaClientKnownRequestError: 
Invalid `prisma.role.createMany()` invocation:


Unique constraint failed on the fields: (`name`) 
[4/30/2025, 11:59:10 AM] [INFO] [Seed] Sikeres tanév létrehozása! 
[4/30/2025, 11:59:16 AM] [ERROR] PrismaClientKnownRequestError: 
Invalid `prisma.role.createMany()` invocation:


Unique constraint failed on the fields: (`name`) 
[4/30/2025, 11:59:16 AM] [INFO] [Seed] Sikeres tanév létrehozása! 
[4/30/2025, 11:59:23 AM] [ERROR] PrismaClientKnownRequestError: 
Invalid `prisma.role.createMany()` invocation:


Unique constraint failed on the fields: (`name`) 
[4/30/2025, 11:59:23 AM] [INFO] [Seed] Sikeres tanév létrehozása! 
[4/30/2025, 11:59:32 AM] [ERROR] PrismaClientKnownRequestError: 
Invalid `prisma.role.createMany()` invocation:


Unique constraint failed on the fields: (`name`) 
[4/30/2025, 11:59:32 AM] [INFO] [Seed] Sikeres tanév létrehozása! 
[4/30/2025, 11:59:44 AM] [ERROR] PrismaClientKnownRequestError: 
Invalid `prisma.role.createMany()` invocation:


Unique constraint failed on the fields: (`name`) 
[4/30/2025, 11:59:44 AM] [INFO] [Seed] Sikeres tanév létrehozása! 
[4/30/2025, 12:00:02 PM] [ERROR] PrismaClientKnownRequestError: 
Invalid `prisma.role.createMany()` invocation:


Unique constraint failed on the fields: (`name`) 
[4/30/2025, 12:00:02 PM] [INFO] [Seed] Sikeres tanév létrehozása! 
